
> toris-tacos@0.1.0 start
> react-scripts start

(node:29975) [DEP_WEBPACK_DEV_SERVER_ON_AFTER_SETUP_MIDDLEWARE] DeprecationWarning: 'onAfterSetupMiddleware' option is deprecated. Please use the 'setupMiddlewares' option.
(Use `node --trace-deprecation ...` to show where the warning was created)
(node:29975) [DEP_WEBPACK_DEV_SERVER_ON_BEFORE_SETUP_MIDDLEWARE] DeprecationWarning: 'onBeforeSetupMiddleware' option is deprecated. Please use the 'setupMiddlewares' option.
Starting the development server...

Compiled with warnings.

[eslint] 
src/components/Layout/Banner.jsx
  Line 17:9:  The href attribute requires a valid value to be accessible. Provide a valid, navigable address as the href value. If you cannot provide a valid href, but still need the element to resemble a link, use a button and change it with appropriate styles. Learn more: https://github.com/jsx-eslint/eslint-plugin-jsx-a11y/blob/HEAD/docs/rules/anchor-is-valid.md  jsx-a11y/anchor-is-valid

src/components/Pages/Cart.jsx
  Line 12:9:  'handleRemoveKeyDown' is assigned a value but never used  no-unused-vars

src/hooks/useCart.js
  Line 116:6:  React Hook useEffect has a missing dependency: 'loadCartFromStorage'. Either include it or remove the dependency array  react-hooks/exhaustive-deps
  Line 157:6:  React Hook useEffect has a missing dependency: 'saveCartToStorage'. Either include it or remove the dependency array    react-hooks/exhaustive-deps

Search for the keywords to learn more about each warning.
To ignore, add // eslint-disable-next-line to the line before.

WARNING in [eslint] 
src/components/Layout/Banner.jsx
  Line 17:9:  The href attribute requires a valid value to be accessible. Provide a valid, navigable address as the href value. If you cannot provide a valid href, but still need the element to resemble a link, use a button and change it with appropriate styles. Learn more: https://github.com/jsx-eslint/eslint-plugin-jsx-a11y/blob/HEAD/docs/rules/anchor-is-valid.md  jsx-a11y/anchor-is-valid

src/components/Pages/Cart.jsx
  Line 12:9:  'handleRemoveKeyDown' is assigned a value but never used  no-unused-vars

src/hooks/useCart.js
  Line 116:6:  React Hook useEffect has a missing dependency: 'loadCartFromStorage'. Either include it or remove the dependency array  react-hooks/exhaustive-deps
  Line 157:6:  React Hook useEffect has a missing dependency: 'saveCartToStorage'. Either include it or remove the dependency array    react-hooks/exhaustive-deps

webpack compiled with 1 warning
